# JRE version: Java(TM) SE Runtime Environment (8.0_20-b26) (build 1.8.0_20-b26)
# Java VM: Java HotSpot(TM) 64-Bit Server VM (25.20-b23 mixed mode bsd-amd64 compressed oops)
Heap:
 PSYoungGen      total 102912K, used 22769K [0x00000007aab00000, 0x00000007b2500000, 0x00000007c0000000)
  eden space 84992K, 7% used [0x00000007aab00000,0x00000007ab102e60,0x00000007afe00000)
  from space 17920K, 92% used [0x00000007b1180000,0x00000007b21b9718,0x00000007b2300000)
  to   space 19968K, 0% used [0x00000007afe00000,0x00000007afe00000,0x00000007b1180000)
 ParOldGen       total 76288K, used 23068K [0x0000000780000000, 0x0000000784a80000, 0x00000007aab00000)
  object space 76288K, 30% used [0x0000000780000000,0x0000000781687250,0x0000000784a80000)
 Metaspace       used 43598K, capacity 46982K, committed 47104K, reserved 1089536K
  class space    used 5425K, capacity 6566K, committed 6656K, reserved 1048576K
GC Heap History (10 events):
Event: 2,906 GC heap before
{Heap before GC invocations=9 (full 2):
 PSYoungGen      total 82432K, used 14328K [0x00000007aab00000, 0x00000007b0f80000, 0x00000007c0000000)
  eden space 68096K, 0% used [0x00000007aab00000,0x00000007aab00000,0x00000007aed80000)
  from space 14336K, 99% used [0x00000007af600000,0x00000007b03fe338,0x00000007b0400000)
  to   space 11776K, 0% used [0x00000007b0400000,0x00000007b0400000,0x00000007b0f80000)
 ParOldGen       total 48128K, used 20618K [0x0000000780000000, 0x0000000782f00000, 0x00000007aab00000)
  object space 48128K, 42% used [0x0000000780000000,0x0000000781422858,0x0000000782f00000)
 Metaspace       used 19662K, capacity 21190K, committed 21296K, reserved 1069056K
  class space    used 2215K, capacity 2650K, committed 2688K, reserved 1048576K
Event: 2,962 GC heap after
Heap after GC invocations=9 (full 2):
 PSYoungGen      total 82432K, used 0K [0x00000007aab00000, 0x00000007b0f80000, 0x00000007c0000000)
  eden space 68096K, 0% used [0x00000007aab00000,0x00000007aab00000,0x00000007aed80000)
  from space 14336K, 0% used [0x00000007af600000,0x00000007af600000,0x00000007b0400000)
  to   space 11776K, 0% used [0x00000007b0400000,0x00000007b0400000,0x00000007b0f80000)
 ParOldGen       total 59904K, used 19381K [0x0000000780000000, 0x0000000783a80000, 0x00000007aab00000)
  object space 59904K, 32% used [0x0000000780000000,0x00000007812ed608,0x0000000783a80000)
 Metaspace       used 19662K, capacity 21190K, committed 21296K, reserved 1069056K
  class space    used 2215K, capacity 2650K, committed 2688K, reserved 1048576K
}
Event: 4,426 GC heap before
{Heap before GC invocations=10 (full 2):
 PSYoungGen      total 82432K, used 68096K [0x00000007aab00000, 0x00000007b0f80000, 0x00000007c0000000)
  eden space 68096K, 100% used [0x00000007aab00000,0x00000007aed80000,0x00000007aed80000)
  from space 14336K, 0% used [0x00000007af600000,0x00000007af600000,0x00000007b0400000)
  to   space 11776K, 0% used [0x00000007b0400000,0x00000007b0400000,0x00000007b0f80000)
 ParOldGen       total 59904K, used 19381K [0x0000000780000000, 0x0000000783a80000, 0x00000007aab00000)
  object space 59904K, 32% used [0x0000000780000000,0x00000007812ed608,0x0000000783a80000)
 Metaspace       used 29961K, capacity 33012K, committed 33152K, reserved 1077248K
  class space    used 3627K, capacity 4472K, committed 4480K, reserved 1048576K
Event: 4,434 GC heap after
Heap after GC invocations=10 (full 2):
 PSYoungGen      total 84480K, used 11770K [0x00000007aab00000, 0x00000007b2400000, 0x00000007c0000000)
  eden space 72704K, 0% used [0x00000007aab00000,0x00000007aab00000,0x00000007af200000)
  from space 11776K, 99% used [0x00000007b0400000,0x00000007b0f7e958,0x00000007b0f80000)
  to   space 18432K, 0% used [0x00000007af200000,0x00000007af200000,0x00000007b0400000)
 ParOldGen       total 59904K, used 20439K [0x0000000780000000, 0x0000000783a80000, 0x00000007aab00000)
  object space 59904K, 34% used [0x0000000780000000,0x00000007813f5f60,0x0000000783a80000)
 Metaspace       used 29961K, capacity 33012K, committed 33152K, reserved 1077248K
  class space    used 3627K, capacity 4472K, committed 4480K, reserved 1048576K
}
Event: 4,691 GC heap before
{Heap before GC invocations=11 (full 2):
 PSYoungGen      total 84480K, used 39042K [0x00000007aab00000, 0x00000007b2400000, 0x00000007c0000000)
  eden space 72704K, 37% used [0x00000007aab00000,0x00000007ac5a2200,0x00000007af200000)
  from space 11776K, 99% used [0x00000007b0400000,0x00000007b0f7e958,0x00000007b0f80000)
  to   space 18432K, 0% used [0x00000007af200000,0x00000007af200000,0x00000007b0400000)
 ParOldGen       total 59904K, used 20439K [0x0000000780000000, 0x0000000783a80000, 0x00000007aab00000)
  object space 59904K, 34% used [0x0000000780000000,0x00000007813f5f60,0x0000000783a80000)
 Metaspace       used 32306K, capacity 35394K, committed 35456K, reserved 1079296K
  class space    used 3972K, capacity 4968K, committed 4992K, reserved 1048576K
Event: 4,700 GC heap after
Heap after GC invocations=11 (full 2):
 PSYoungGen      total 91136K, used 9026K [0x00000007aab00000, 0x00000007b2300000, 0x00000007c0000000)
  eden space 72704K, 0% used [0x00000007aab00000,0x00000007aab00000,0x00000007af200000)
  from space 18432K, 48% used [0x00000007af200000,0x00000007afad09f0,0x00000007b0400000)
  to   space 17920K, 0% used [0x00000007b1180000,0x00000007b1180000,0x00000007b2300000)
 ParOldGen       total 59904K, used 20447K [0x0000000780000000, 0x0000000783a80000, 0x00000007aab00000)
  object space 59904K, 34% used [0x0000000780000000,0x00000007813f7f60,0x0000000783a80000)
 Metaspace       used 32306K, capacity 35394K, committed 35456K, reserved 1079296K
  class space    used 3972K, capacity 4968K, committed 4992K, reserved 1048576K
}
Event: 4,700 GC heap before
{Heap before GC invocations=12 (full 3):
 PSYoungGen      total 91136K, used 9026K [0x00000007aab00000, 0x00000007b2300000, 0x00000007c0000000)
  eden space 72704K, 0% used [0x00000007aab00000,0x00000007aab00000,0x00000007af200000)
  from space 18432K, 48% used [0x00000007af200000,0x00000007afad09f0,0x00000007b0400000)
  to   space 17920K, 0% used [0x00000007b1180000,0x00000007b1180000,0x00000007b2300000)
 ParOldGen       total 59904K, used 20447K [0x0000000780000000, 0x0000000783a80000, 0x00000007aab00000)
  object space 59904K, 34% used [0x0000000780000000,0x00000007813f7f60,0x0000000783a80000)
 Metaspace       used 32306K, capacity 35394K, committed 35456K, reserved 1079296K
  class space    used 3972K, capacity 4968K, committed 4992K, reserved 1048576K
Event: 4,828 GC heap after
Heap after GC invocations=12 (full 3):
 PSYoungGen      total 91136K, used 0K [0x00000007aab00000, 0x00000007b2300000, 0x00000007c0000000)
  eden space 72704K, 0% used [0x00000007aab00000,0x00000007aab00000,0x00000007af200000)
  from space 18432K, 0% used [0x00000007af200000,0x00000007af200000,0x00000007b0400000)
  to   space 17920K, 0% used [0x00000007b1180000,0x00000007b1180000,0x00000007b2300000)
 ParOldGen       total 76288K, used 23060K [0x0000000780000000, 0x0000000784a80000, 0x00000007aab00000)
  object space 76288K, 30% used [0x0000000780000000,0x0000000781685250,0x0000000784a80000)
 Metaspace       used 32306K, capacity 35394K, committed 35456K, reserved 1079296K
  class space    used 3972K, capacity 4968K, committed 4992K, reserved 1048576K
}
Event: 5,884 GC heap before
{Heap before GC invocations=13 (full 3):
 PSYoungGen      total 91136K, used 72704K [0x00000007aab00000, 0x00000007b2300000, 0x00000007c0000000)
  eden space 72704K, 100% used [0x00000007aab00000,0x00000007af200000,0x00000007af200000)
  from space 18432K, 0% used [0x00000007af200000,0x00000007af200000,0x00000007b0400000)
  to   space 17920K, 0% used [0x00000007b1180000,0x00000007b1180000,0x00000007b2300000)
 ParOldGen       total 76288K, used 23060K [0x0000000780000000, 0x0000000784a80000, 0x00000007aab00000)
  object space 76288K, 30% used [0x0000000780000000,0x0000000781685250,0x0000000784a80000)
 Metaspace       used 43251K, capacity 46758K, committed 47104K, reserved 1089536K
  class space    used 5398K, capacity 6534K, committed 6656K, reserved 1048576K
Event: 5,902 GC heap after
Heap after GC invocations=13 (full 3):
 PSYoungGen      total 102912K, used 16613K [0x00000007aab00000, 0x00000007b2500000, 0x00000007c0000000)
  eden space 84992K, 0% used [0x00000007aab00000,0x00000007aab00000,0x00000007afe00000)
  from space 17920K, 92% used [0x00000007b1180000,0x00000007b21b9718,0x00000007b2300000)
  to   space 19968K, 0% used [0x00000007afe00000,0x00000007afe00000,0x00000007b1180000)
 ParOldGen       total 76288K, used 23068K [0x0000000780000000, 0x0000000784a80000, 0x00000007aab00000)
  object space 76288K, 30% used [0x0000000780000000,0x0000000781687250,0x0000000784a80000)
 Metaspace       used 43251K, capacity 46758K, committed 47104K, reserved 1089536K
  class space    used 5398K, capacity 6534K, committed 6656K, reserved 1048576K
}

